<?xml version="1.0" encoding="UTF-8"?>
<robot generator="Robot 5.0.1 (Python 3.10.4 on win32)" generated="20220615 23:20:25.393" rpa="false" schemaversion="3">
<suite id="s1" name="Testrobot" source="C:\Users\GSC-30966\PycharmProjects\GSC-30966\testrobot\RobotFramework\testrobot.robot">
<test id="s1-t1" name="Valid Login" line="17">
<kw name="Open Browser" library="SeleniumLibrary">
<arg>${SERVER}</arg>
<arg>${BROWSER}</arg>
<doc>Opens a new browser instance to the given ``url``.</doc>
<msg timestamp="20220615 23:20:26.280" level="INFO">Opening browser 'Chrome' to base url 'https://www.saucedemo.com/'.</msg>
<status status="PASS" starttime="20220615 23:20:26.279" endtime="20220615 23:20:31.983"/>
</kw>
<kw name="Maximize Browser Window" library="SeleniumLibrary">
<doc>Maximizes current browser window.</doc>
<status status="PASS" starttime="20220615 23:20:31.984" endtime="20220615 23:20:32.121"/>
</kw>
<kw name="Input Text" library="SeleniumLibrary">
<arg>id:user-name</arg>
<arg>${user_name}</arg>
<doc>Types the given ``text`` into text field identified by ``locator``.</doc>
<msg timestamp="20220615 23:20:32.122" level="INFO">Typing text 'standard_user' into text field 'id:user-name'.</msg>
<status status="PASS" starttime="20220615 23:20:32.121" endtime="20220615 23:20:32.354"/>
</kw>
<kw name="Input Text" library="SeleniumLibrary">
<arg>id:password</arg>
<arg>${user_pass}</arg>
<doc>Types the given ``text`` into text field identified by ``locator``.</doc>
<msg timestamp="20220615 23:20:32.355" level="INFO">Typing text 'secret_sauce' into text field 'id:password'.</msg>
<status status="PASS" starttime="20220615 23:20:32.355" endtime="20220615 23:20:32.596"/>
</kw>
<kw name="Click Button" library="SeleniumLibrary">
<arg>id:login-button</arg>
<doc>Clicks button identified by ``locator``.</doc>
<msg timestamp="20220615 23:20:32.597" level="INFO">Clicking button 'id:login-button'.</msg>
<status status="PASS" starttime="20220615 23:20:32.597" endtime="20220615 23:20:32.790"/>
</kw>
<kw name="Set Selenium Speed" library="SeleniumLibrary">
<arg>${DELAY}</arg>
<doc>Sets the delay that is waited after each Selenium command.</doc>
<status status="PASS" starttime="20220615 23:20:32.790" endtime="20220615 23:20:32.791"/>
</kw>
<kw name="Page Should Contain" library="SeleniumLibrary">
<arg>Products</arg>
<doc>Verifies that current page contains ``text``.</doc>
<msg timestamp="20220615 23:20:32.816" level="INFO">Current page contains text 'Products'.</msg>
<status status="PASS" starttime="20220615 23:20:32.791" endtime="20220615 23:20:32.816"/>
</kw>
<kw name="Close Browser" library="SeleniumLibrary">
<doc>Closes the current browser.</doc>
<status status="PASS" starttime="20220615 23:20:32.817" endtime="20220615 23:20:35.194"/>
</kw>
<status status="PASS" starttime="20220615 23:20:26.278" endtime="20220615 23:20:35.196"/>
</test>
<test id="s1-t2" name="Invalid Login" line="26">
<kw name="Open Browser" library="SeleniumLibrary">
<arg>${SERVER}</arg>
<arg>${BROWSER}</arg>
<doc>Opens a new browser instance to the given ``url``.</doc>
<msg timestamp="20220615 23:20:35.202" level="INFO">Opening browser 'Chrome' to base url 'https://www.saucedemo.com/'.</msg>
<status status="PASS" starttime="20220615 23:20:35.201" endtime="20220615 23:20:41.420"/>
</kw>
<kw name="Maximize Browser Window" library="SeleniumLibrary">
<doc>Maximizes current browser window.</doc>
<status status="PASS" starttime="20220615 23:20:41.421" endtime="20220615 23:20:41.574"/>
</kw>
<kw name="Input Text" library="SeleniumLibrary">
<arg>id:user-name</arg>
<arg>locked_out</arg>
<doc>Types the given ``text`` into text field identified by ``locator``.</doc>
<msg timestamp="20220615 23:20:41.577" level="INFO">Typing text 'locked_out' into text field 'id:user-name'.</msg>
<status status="PASS" starttime="20220615 23:20:41.576" endtime="20220615 23:20:41.909"/>
</kw>
<kw name="Input Text" library="SeleniumLibrary">
<arg>id:password</arg>
<arg>${user_pass}</arg>
<doc>Types the given ``text`` into text field identified by ``locator``.</doc>
<msg timestamp="20220615 23:20:41.911" level="INFO">Typing text 'secret_sauce' into text field 'id:password'.</msg>
<status status="PASS" starttime="20220615 23:20:41.910" endtime="20220615 23:20:42.181"/>
</kw>
<kw name="Click Button" library="SeleniumLibrary">
<arg>id:login-button</arg>
<doc>Clicks button identified by ``locator``.</doc>
<msg timestamp="20220615 23:20:42.182" level="INFO">Clicking button 'id:login-button'.</msg>
<status status="PASS" starttime="20220615 23:20:42.182" endtime="20220615 23:20:42.282"/>
</kw>
<kw name="Page Should Contain" library="SeleniumLibrary">
<arg>Products</arg>
<doc>Verifies that current page contains ``text``.</doc>
<kw name="Capture Page Screenshot" library="SeleniumLibrary">
<doc>Takes screenshot of the current page and embeds it into log file.</doc>
<msg timestamp="20220615 23:20:42.651" level="INFO" html="true">&lt;/td&gt;&lt;/tr&gt;&lt;tr&gt;&lt;td colspan="3"&gt;&lt;a href="selenium-screenshot-5.png"&gt;&lt;img src="selenium-screenshot-5.png" width="800px"&gt;&lt;/a&gt;</msg>
<status status="PASS" starttime="20220615 23:20:42.333" endtime="20220615 23:20:42.652"/>
</kw>
<msg timestamp="20220615 23:20:42.653" level="FAIL">Page should have contained text 'Products' but did not.</msg>
<status status="FAIL" starttime="20220615 23:20:42.283" endtime="20220615 23:20:42.672"/>
</kw>
<kw name="Set Selenium Speed" library="SeleniumLibrary">
<arg>${DELAY}</arg>
<doc>Sets the delay that is waited after each Selenium command.</doc>
<status status="NOT RUN" starttime="20220615 23:20:42.675" endtime="20220615 23:20:42.675"/>
</kw>
<status status="FAIL" starttime="20220615 23:20:35.200" endtime="20220615 23:20:42.679">Page should have contained text 'Products' but did not.</status>
</test>
<test id="s1-t3" name="[Teardown]." line="34">
<kw name="Close Browser" library="SeleniumLibrary">
<doc>Closes the current browser.</doc>
<status status="PASS" starttime="20220615 23:20:42.685" endtime="20220615 23:20:45.041"/>
</kw>
<status status="PASS" starttime="20220615 23:20:42.683" endtime="20220615 23:20:45.043"/>
</test>
<doc>This is a simple test with Robot Framework</doc>
<status status="FAIL" starttime="20220615 23:20:25.404" endtime="20220615 23:20:45.045"/>
</suite>
<statistics>
<total>
<stat pass="2" fail="1" skip="0">All Tests</stat>
</total>
<tag>
</tag>
<suite>
<stat pass="2" fail="1" skip="0" id="s1" name="Testrobot">Testrobot</stat>
</suite>
</statistics>
<errors>
</errors>
</robot>
