<?xml version="1.0" encoding="UTF-8"?>
<robot generator="Robot 5.0.1 (Python 3.10.4 on win32)" generated="20220615 23:24:33.342" rpa="false" schemaversion="3">
<suite id="s1" name="Testrobot" source="C:\Users\GSC-30966\PycharmProjects\GSC-30966\testrobot\RobotFramework\testrobot.robot">
<test id="s1-t1" name="Valid Login" line="17">
<kw name="Open Browser" library="SeleniumLibrary">
<arg>${SERVER}</arg>
<arg>${BROWSER}</arg>
<doc>Opens a new browser instance to the given ``url``.</doc>
<msg timestamp="20220615 23:24:34.138" level="INFO">Opening browser 'Chrome' to base url 'https://www.saucedemo.com/'.</msg>
<status status="PASS" starttime="20220615 23:24:34.138" endtime="20220615 23:24:39.671"/>
</kw>
<kw name="Maximize Browser Window" library="SeleniumLibrary">
<doc>Maximizes current browser window.</doc>
<status status="PASS" starttime="20220615 23:24:39.673" endtime="20220615 23:24:39.827"/>
</kw>
<kw name="Input Text" library="SeleniumLibrary">
<arg>id:user-name</arg>
<arg>${user_name}</arg>
<doc>Types the given ``text`` into text field identified by ``locator``.</doc>
<msg timestamp="20220615 23:24:39.827" level="INFO">Typing text 'standard_user' into text field 'id:user-name'.</msg>
<status status="PASS" starttime="20220615 23:24:39.827" endtime="20220615 23:24:40.212"/>
</kw>
<kw name="Input Text" library="SeleniumLibrary">
<arg>id:password</arg>
<arg>${user_pass}</arg>
<doc>Types the given ``text`` into text field identified by ``locator``.</doc>
<msg timestamp="20220615 23:24:40.216" level="INFO">Typing text 'secret_sauce' into text field 'id:password'.</msg>
<status status="PASS" starttime="20220615 23:24:40.214" endtime="20220615 23:24:40.456"/>
</kw>
<kw name="Click Button" library="SeleniumLibrary">
<arg>id:login-button</arg>
<doc>Clicks button identified by ``locator``.</doc>
<msg timestamp="20220615 23:24:40.456" level="INFO">Clicking button 'id:login-button'.</msg>
<status status="PASS" starttime="20220615 23:24:40.456" endtime="20220615 23:24:40.704"/>
</kw>
<kw name="Set Selenium Speed" library="SeleniumLibrary">
<arg>${DELAY}</arg>
<doc>Sets the delay that is waited after each Selenium command.</doc>
<status status="PASS" starttime="20220615 23:24:40.704" endtime="20220615 23:24:40.704"/>
</kw>
<kw name="Page Should Contain" library="SeleniumLibrary">
<arg>Products</arg>
<doc>Verifies that current page contains ``text``.</doc>
<msg timestamp="20220615 23:24:40.767" level="INFO">Current page contains text 'Products'.</msg>
<status status="PASS" starttime="20220615 23:24:40.708" endtime="20220615 23:24:40.767"/>
</kw>
<kw name="Close Browser" library="SeleniumLibrary">
<doc>Closes the current browser.</doc>
<status status="PASS" starttime="20220615 23:24:40.767" endtime="20220615 23:24:43.139"/>
</kw>
<status status="PASS" starttime="20220615 23:24:34.138" endtime="20220615 23:24:43.140"/>
</test>
<test id="s1-t2" name="Invalid Login" line="26">
<kw name="Open Browser" library="SeleniumLibrary">
<arg>${SERVER}</arg>
<arg>${BROWSER}</arg>
<doc>Opens a new browser instance to the given ``url``.</doc>
<msg timestamp="20220615 23:24:43.145" level="INFO">Opening browser 'Chrome' to base url 'https://www.saucedemo.com/'.</msg>
<status status="PASS" starttime="20220615 23:24:43.144" endtime="20220615 23:24:48.905"/>
</kw>
<kw name="Maximize Browser Window" library="SeleniumLibrary">
<doc>Maximizes current browser window.</doc>
<status status="PASS" starttime="20220615 23:24:48.907" endtime="20220615 23:24:49.066"/>
</kw>
<kw name="Input Text" library="SeleniumLibrary">
<arg>id:user-name</arg>
<arg>locked_out</arg>
<doc>Types the given ``text`` into text field identified by ``locator``.</doc>
<msg timestamp="20220615 23:24:49.066" level="INFO">Typing text 'locked_out' into text field 'id:user-name'.</msg>
<status status="PASS" starttime="20220615 23:24:49.066" endtime="20220615 23:24:49.287"/>
</kw>
<kw name="Input Text" library="SeleniumLibrary">
<arg>id:password</arg>
<arg>${user_pass}</arg>
<doc>Types the given ``text`` into text field identified by ``locator``.</doc>
<msg timestamp="20220615 23:24:49.289" level="INFO">Typing text 'secret_sauce' into text field 'id:password'.</msg>
<status status="PASS" starttime="20220615 23:24:49.288" endtime="20220615 23:24:49.497"/>
</kw>
<kw name="Click Button" library="SeleniumLibrary">
<arg>id:login-button</arg>
<doc>Clicks button identified by ``locator``.</doc>
<msg timestamp="20220615 23:24:49.498" level="INFO">Clicking button 'id:login-button'.</msg>
<status status="PASS" starttime="20220615 23:24:49.498" endtime="20220615 23:24:49.614"/>
</kw>
<kw name="Page Should Not Contain" library="SeleniumLibrary">
<arg>Products</arg>
<doc>Verifies the current page does not contain ``text``.</doc>
<msg timestamp="20220615 23:24:49.674" level="INFO">Current page does not contain text 'Products'.</msg>
<status status="PASS" starttime="20220615 23:24:49.615" endtime="20220615 23:24:49.674"/>
</kw>
<kw name="Set Selenium Speed" library="SeleniumLibrary">
<arg>${DELAY}</arg>
<doc>Sets the delay that is waited after each Selenium command.</doc>
<status status="PASS" starttime="20220615 23:24:49.675" endtime="20220615 23:24:49.676"/>
</kw>
<status status="PASS" starttime="20220615 23:24:43.143" endtime="20220615 23:24:49.676"/>
</test>
<test id="s1-t3" name="[Teardown]." line="34">
<kw name="Close Browser" library="SeleniumLibrary">
<doc>Closes the current browser.</doc>
<status status="PASS" starttime="20220615 23:24:49.679" endtime="20220615 23:24:51.984"/>
</kw>
<status status="PASS" starttime="20220615 23:24:49.679" endtime="20220615 23:24:51.985"/>
</test>
<doc>This is a simple test with Robot Framework</doc>
<status status="PASS" starttime="20220615 23:24:33.350" endtime="20220615 23:24:51.989"/>
</suite>
<statistics>
<total>
<stat pass="3" fail="0" skip="0">All Tests</stat>
</total>
<tag>
</tag>
<suite>
<stat pass="3" fail="0" skip="0" id="s1" name="Testrobot">Testrobot</stat>
</suite>
</statistics>
<errors>
</errors>
</robot>
